<?xml version="1.0" encoding="UTF-8"?>
<testsuite xmlns:xsi="http://www.w3.org/2001/XMLSchema-instance" xsi:noNamespaceSchemaLocation="https://maven.apache.org/surefire/maven-surefire-plugin/xsd/surefire-test-report.xsd" name="TestSuite" time="1.616" tests="3" errors="0" skipped="1" failures="2">
  <properties>
[...]
</properties>
  <testcase name="setUp" classname="tests.LoginTest" time="1.324">
    <failure message="com.google.gson.stream.MalformedJsonException: Unterminated string at line 7 column 2 path $[0].password" type="com.google.gson.JsonSyntaxException">com.google.gson.JsonSyntaxException: com.google.gson.stream.MalformedJsonException: Unterminated string at line 7 column 2 path $[0].password
	at tests.LoginTest.setUp(LoginTest.java:26)
Caused by: com.google.gson.stream.MalformedJsonException: Unterminated string at line 7 column 2 path $[0].password
	at tests.LoginTest.setUp(LoginTest.java:26)
</failure>
    <system-out><![CDATA[[TestNGContentHandler] [WARN] It is strongly recommended to add "<!DOCTYPE suite SYSTEM "https://testng.org/testng-1.0.dtd" >" at the top of your file, otherwise TestNG may fail or not work as expected.
]]></system-out>
  </testcase>
  <testcase name="loginTest" classname="tests.LoginTest" time="0.009">
    <failure type="java.lang.NullPointerException">java.lang.NullPointerException
	at tests.LoginTest.loginTest(LoginTest.java:38)
</failure>
  </testcase>
  <testcase name="postCondition" classname="tests.LoginTest" time="0">
    <skipped/>
  </testcase>
</testsuite>